<?xml version="1.0" encoding="UTF-8"?>
<testsuite xmlns:xsi="http://www.w3.org/2001/XMLSchema-instance" xsi:noNamespaceSchemaLocation="https://maven.apache.org/surefire/maven-surefire-plugin/xsd/surefire-test-report.xsd" name="com.exp.test.ServiceTest" time="4.05" tests="6" errors="0" skipped="0" failures="0">
  <properties>
[...]
</properties>
  <testcase name="columnChartsTest" classname="com.exp.test.ServiceTest" time="0.615"/>
  <testcase name="lineChartsTest" classname="com.exp.test.ServiceTest" time="0.005"/>
  <testcase name="pieChartsTest2" classname="com.exp.test.ServiceTest" time="0.049"/>
  <testcase name="pieChartsTest" classname="com.exp.test.ServiceTest" time="0.012"/>
  <testcase name="columnChartsTest2" classname="com.exp.test.ServiceTest" time="0.005"/>
  <testcase name="lineChartsTest2" classname="com.exp.test.ServiceTest" time="0.005"/>
</testsuite>